make all --print-data-base --no-builtin-variables --no-builtin-rules --question
# GNU Make 4.2.1
# Built for x86_64-pc-linux-gnu
# Copyright (C) 1988-2016 Free Software Foundation, Inc.
# License GPLv3+: GNU GPL version 3 or later <http://gnu.org/licenses/gpl.html>
# This is free software: you are free to change and redistribute it.
# There is NO WARRANTY, to the extent permitted by law.
 

# Make data base, printed on Fri May 27 11:16:33 2022

# Variables

# 'override' directive
GNUMAKEFLAGS := 
# automatic
<D = $(patsubst %/,%,$(dir $<))
# automatic
?F = $(notdir $?)
# environment
DESKTOP_SESSION = ubuntu
# default
.SHELLFLAGS := -c
# makefile (from 'Makefile', line 150)
QMAKE_TARGET = main
# environment
XDG_SESSION_CLASS = user
# environment
SNAP_COMMON = /var/snap/code/common
# environment
XDG_SESSION_TYPE = x11
# environment
VSCODE_LOG_NATIVE = false
# makefile (from 'Makefile', line 152)
TARGET = main
# automatic
?D = $(patsubst %/,%,$(dir $?))
# environment
IM_CONFIG_PHASE = 1
# automatic
@D = $(patsubst %/,%,$(dir $@))
# environment
XAUTHORITY = /run/user/1000/gdm/Xauthority
# environment
GDMSESSION = ubuntu
# environment
XMODIFIERS = @im=ibus
# makefile
CURDIR := /home/ramsensei/Desktop/Ramsensei/Paint.cpp
# makefile (from 'Makefile', line 41)
LINK = g++
# makefile
SHELL = /bin/sh
# environment
SNAP_DATA = /var/snap/code/97
# environment
VSCODE_NLS_CONFIG = {"locale":"en-us","availableLanguages":{},"_languagePackSupport":true}
# environment
JOURNAL_STREAM = 8:54477
# makefile (from 'Makefile', line 18)
CFLAGS = -pipe -O2 -Wall -W -D_REENTRANT -fPIC $(DEFINES)
# environment
XDG_CONFIG_DIRS = /etc/xdg/xdg-ubuntu:/etc/xdg
# environment
SNAP_INSTANCE_NAME = code
# environment
SNAP_ARCH = amd64
# makefile (from 'Makefile', line 1)
MAKEFILE_LIST :=  Makefile
# automatic
@F = $(notdir $@)
# environment
GIO_LAUNCHED_DESKTOP_FILE = /var/lib/snapd/desktop/applications/code_code.desktop
# environment
USERNAME = ramsensei
# makefile (from 'Makefile', line 55)
SOURCES = Bitmap.cpp CurrentColor.cpp main.cpp Matrix.cpp moc_RenderArea.cpp moc_Window.cpp
# makefile (from 'Makefile', line 19)
CXXFLAGS = -pipe -O2 -Wall -W -D_REENTRANT -fPIC $(DEFINES)
# environment
MAKELEVEL := 0
# makefile (from 'Makefile', line 21)
QMAKE = /usr/lib/qt5/bin/qmake
# environment
XDG_DATA_DIRS = /usr/share/ubuntu:/usr/local/share/:/usr/share/:/var/lib/snapd/desktop
# makefile (from 'Makefile', line 25)
COPY = cp -f
# environment
DBUS_SESSION_BUS_ADDRESS = unix:path=/run/user/1000/bus
 
# environment
VSCODE_VERBOSE_LOGGING = true
# environment
_ = /snap/code/97/usr/share/code/code
# environment
MANAGERPID = 1604
# makefile (from 'Makefile', line 11)
EQ = =
# environment
LESSOPEN = | /usr/bin/lesspipe %s
# makefile (from 'Makefile', line 38)
COMPRESS = gzip -9f
# environment
LC_NAME = es_CR.UTF-8
# environment
VSCODE_CWD = /home/ramsensei
# environment
GSETTINGS_SCHEMA_DIR = /snap/code/97/usr/share/glib-2.0/schemas
# default
MAKE_HOST := x86_64-pc-linux-gnu
# environment
PATH = /home/ramsensei/.local/bin:/home/ramsensei/.local/bin:/usr/local/sbin:/usr/local/bin:/usr/sbin:/usr/bin:/sbin:/bin:/usr/games:/usr/local/games:/snap/bin
# makefile (from 'Makefile', line 9)
MAKEFILE = Makefile
# environment
GPG_AGENT_INFO = /run/user/1000/gnupg/S.gpg-agent:0:1
# environment
SESSION_MANAGER = local/RamsenseisPC:@/tmp/.ICE-unix/1848,unix/RamsenseisPC:/tmp/.ICE-unix/1848
# environment
XDG_RUNTIME_DIR = /run/user/1000
# environment
GDK_PIXBUF_MODULE_FILE = /home/ramsensei/snap/code/common/.cache/gdk-pixbuf-loaders.cache
# environment
SNAP = /snap/code/97
# makefile (from 'Makefile', line 23)
CHK_DIR_EXISTS = test -d
# environment
SNAP_VERSION = c3511e6c
# makefile (from 'Makefile', line 44)
AR = ar cqs
# environment
 
XDG_MENU_PREFIX = gnome-
# environment
VSCODE_LOG_STACK = false
# environment
DISABLE_WAYLAND = 1
# environment
ELECTRON_RUN_AS_NODE = 1
# environment
INVOCATION_ID = 317e758d259e43a28cf25d5137255879
# environment
GDK_PIXBUF_MODULEDIR = /snap/code/97/usr/lib/x86_64-linux-gnu/gdk-pixbuf-2.0/2.10.0/loaders
# default
.FEATURES := target-specific order-only second-expansion else-if shortest-stem undefine oneshell archives jobserver output-sync check-symlink load
# makefile (from 'Makefile', line 32)
QINSTALL_PROGRAM = /usr/lib/qt5/bin/qmake -install qinstall -exe
# environment
LS_COLORS = 
# environment
XDG_SESSION_DESKTOP = ubuntu
# environment
SSH_AUTH_SOCK = /run/user/1000/keyring/ssh
# environment
GIO_LAUNCHED_DESKTOP_FILE_PID = 2746
# automatic
%F = $(notdir $%)
# environment
DISPLAY = :0
# makefile (from 'Makefile', line 39)
DISTNAME = main1.0.0
# environment
VSCODE_PIPE_LOGGING = true
# environment
SNAP_INSTANCE_KEY = 
# environment
PWD = /home/ramsensei/Desktop/Ramsensei/Paint.cpp
 
# default
.LOADED := 
# environment
SSH_AGENT_PID = 1799
# makefile (from 'Makefile', line 28)
INSTALL_FILE = install -m 644 -p
# environment
ORIGINAL_XDG_CURRENT_DESKTOP = ubuntu:GNOME
# makefile (from 'Makefile', line 26)
COPY_FILE = cp -f
# environment
GTK_MODULES = gail:atk-bridge
# environment
VSCODE_AMD_ENTRYPOINT = vs/workbench/api/node/extensionHostProcess
# environment
HOME = /home/ramsensei
# makefile (from 'Makefile', line 46)
SED = sed
# environment
LESSCLOSE = /usr/bin/lesspipe %s %s
# environment
VSCODE_CLI = 1
# makefile (from 'Makefile', line 17)
DEFINES = -DQT_DEPRECATED_WARNINGS -DQT_NO_DEBUG -DQT_WIDGETS_LIB -DQT_GUI_LIB -DQT_CORE_LIB
# environment
VSCODE_CODE_CACHE_PATH = /home/ramsensei/.config/Code/CachedData/c3511e6c69bb39013c4a4b7b9566ec1ca73fc4d5
# makefile (from 'Makefile', line 37)
TAR = tar -cf
# environment
LOGNAME = ramsensei
# environment
APPLICATION_INSIGHTS_NO_DIAGNOSTIC_CHANNEL = true
# environment
SNAP_LIBRARY_PATH = /var/lib/snapd/lib/gl:/var/lib/snapd/lib/gl32:/var/lib/snapd/void
# environment
SNAP_CONTEXT = VkKJW7uwH4dUvIM8G4BAegvHFFgfiGWSZ5g3xX38Xv3yCp-igzQI
# makefile (from 'Makefile', line 45)
RANLIB = 
# automatic
+F = $(notdir $+)
# environment
ELECTRON_NO_ATTACH_CONSOLE = 1
 
# environment
SNAP_USER_COMMON = /home/ramsensei/snap/code/common
# environment
VSCODE_HANDLES_UNCAUGHT_ERRORS = true
# environment
GNOME_DESKTOP_SESSION_ID = this-is-deprecated
# automatic
^D = $(patsubst %/,%,$(dir $^))
# makefile (from 'Makefile', line 24)
MKDIR = mkdir -p
# makefile (from 'Makefile', line 40)
DISTDIR = /home/ramsensei/Desktop/Ramsensei/Paint.cpp/.tmp/main1.0.0
# environment
LC_TIME = es_CR.UTF-8
# environment
SNAP_REAL_HOME = /home/ramsensei
# default
MAKE = $(MAKE_COMMAND)
# default
MAKECMDGOALS := all
# environment
QT_IM_MODULE = ibus
# environment
SNAP_USER_DATA = /home/ramsensei/snap/code/97
# makefile (from 'Makefile', line 34)
SYMLINK = ln -f -s
# environment
SHLVL = 0
# makefile (from 'Makefile', line 15)
CC = gcc
# environment
GNOME_SHELL_SESSION_MODE = ubuntu
# environment
VSCODE_IPC_HOOK_EXTHOST = /run/user/1000/vscode-ipc-cf13deab-39a3-4bb2-8728-806d701a8f5c.sock
# default
 
MAKE_VERSION := 4.2.1
# environment
USER = ramsensei
# environment
SNAP_REVISION = 97
# environment
LC_MONETARY = es_CR.UTF-8
# makefile
.DEFAULT_GOAL := first
# environment
XDG_CURRENT_DESKTOP = Unity
# makefile (from 'Makefile', line 151)
DESTDIR = 
# automatic
%D = $(patsubst %/,%,$(dir $%))
# environment
LC_TELEPHONE = es_CR.UTF-8
# makefile (from 'Makefile', line 42)
LFLAGS = -Wl,-O1
# default
MAKE_COMMAND := make
# default
.VARIABLES := 
# makefile (from 'Makefile', line 36)
MOVE = mv -f
# automatic
*F = $(notdir $*)
# environment
VSCODE_IPC_HOOK = /run/user/1000/vscode-6529fc72-1.67.2-main.sock
# environment
BAMF_DESKTOP_FILE_HINT = /var/lib/snapd/desktop/applications/code_code.desktop
# makefile (from 'Makefile', line 51)
OBJECTS_DIR = ./
# makefile (from 'Makefile', line 31)
QINSTALL = /usr/lib/qt5/bin/qmake -install qinstall
# makefile
 
MAKEFLAGS = pqrR
# environment
MFLAGS = -pqrR
# automatic
*D = $(patsubst %/,%,$(dir $*))
# automatic
+D = $(patsubst %/,%,$(dir $+))
# environment
GDK_BACKEND = x11
# environment
LC_PAPER = es_CR.UTF-8
# environment
LC_IDENTIFICATION = es_CR.UTF-8
# makefile (from 'Makefile', line 47)
STRIP = strip
# environment
QT_ACCESSIBILITY = 1
# default
MAKEFILES := 
# environment
SNAP_COOKIE = VkKJW7uwH4dUvIM8G4BAegvHFFgfiGWSZ5g3xX38Xv3yCp-igzQI
# environment
LC_NUMERIC = es_CR.UTF-8
# automatic
<F = $(notdir $<)
# makefile (from 'Makefile', line 16)
CXX = g++
# environment
LC_MEASUREMENT = es_CR.UTF-8
# environment
SNAP_NAME = code
# environment
LC_ALL = C
# makefile (from 'Makefile', line 29)
INSTALL_PROGRAM = install -m 755 -p
# makefile (from 'Makefile', line 33)
DEL_FILE = rm -f
# environment
GJS_DEBUG_TOPICS = JS ERROR;JS LOG
# makefile (from 'Makefile', line 43)
LIBS = $(SUBLIBS) /usr/lib/x86_64-linux-gnu/libQt5Widgets.so /usr/lib/x86_64-linux-gnu/libQt5Gui.so /usr/lib/x86_64-linux-gnu/libQt5Core.so /usr/lib/x86_64-linux-gnu/libGL.so -lpthread   
# automatic
^F = $(notdir $^)
# default
SUFFIXES := 
 
# environment
SNAP_REEXEC = 
# environment
CHROME_DESKTOP = code-url-handler.desktop
# makefile (from 'Makefile', line 20)
INCPATH = -I. -I. -isystem /usr/include/x86_64-linux-gnu/qt5 -isystem /usr/include/x86_64-linux-gnu/qt5/QtWidgets -isystem /usr/include/x86_64-linux-gnu/qt5/QtGui -isystem /usr/include/x86_64-linux-gnu/qt5/QtCore -I. -I/usr/lib/x86_64-linux-gnu/qt5/mkspecs/linux-g++
# makefile (from 'Makefile', line 30)
INSTALL_DIR = cp -f -R
# environment
WINDOWPATH = 2
# makefile (from 'Makefile', line 27)
COPY_DIR = cp -f -R
# default
.INCLUDE_DIRS = /usr/include /usr/local/include /usr/include
# environment
GJS_DEBUG_OUTPUT = stderr
# default
.RECIPEPREFIX := 
# makefile (from 'Makefile', line 60)
OBJECTS = Bitmap.o CurrentColor.o main.o Matrix.o moc_RenderArea.o moc_Window.o
# makefile (from 'Makefile', line 66)
DIST = /usr/lib/x86_64-linux-gnu/qt5/mkspecs/features/spec_pre.prf /usr/lib/x86_64-linux-gnu/qt5/mkspecs/common/unix.conf /usr/lib/x86_64-linux-gnu/qt5/mkspecs/common/linux.conf /usr/lib/x86_64-linux-gnu/qt5/mkspecs/common/sanitize.conf /usr/lib/x86_64-linux-gnu/qt5/mkspecs/common/gcc-base.conf /usr/lib/x86_64-linux-gnu/qt5/mkspecs/common/gcc-base-unix.conf /usr/lib/x86_64-linux-gnu/qt5/mkspecs/common/g++-base.conf /usr/lib/x86_64-linux-gnu/qt5/mkspecs/common/g++-unix.conf /usr/lib/x86_64-linux-gnu/qt5/mkspecs/qconfig.pri /usr/lib/x86_64-linux-gnu/qt5/mkspecs/modules/qt_lib_accessibility_support_private.pri /usr/lib/x86_64-linux-gnu/qt5/mkspecs/modules/qt_lib_bootstrap_private.pri /usr/lib/x86_64-linux-gnu/qt5/mkspecs/modules/qt_lib_concurrent.pri /usr/lib/x86_64-linux-gnu/qt5/mkspecs/modules/qt_lib_concurrent_private.pri /usr/lib/x86_64-linux-gnu/qt5/mkspecs/modules/qt_lib_core.pri /usr/lib/x86_64-linux-gnu/qt5/mkspecs/modules/qt_lib_core_private.pri /usr/lib/x86_64-linux-gnu/qt5/mkspecs/modules/qt_lib_dbus.pri /usr/lib/x86_64-linux-gnu/qt5/mkspecs/modules/qt_lib_dbus_private.pri /usr/lib/x86_64-linux-gnu/qt5/mkspecs/modules/qt_lib_devicediscovery_support_private.pri /usr/lib/x86_64-linux-gnu/qt5/mkspecs/modules/qt_lib_edid_support_private.pri /usr/lib/x86_64-linux-gnu/qt5/mkspecs/modules/qt_lib_egl_support_private.pri /usr/lib/x86_64-linux-gnu/qt5/mkspecs/modules/qt_lib_eglfs_kms_support_private.pri /usr/lib/x86_64-linux-gnu/qt5/mkspecs/modules/qt_lib_eglfsdeviceintegration_private.pri /usr/lib/x86_64-linux-gnu/qt5/mkspecs/modules/qt_lib_eventdispatcher_support_private.pri /usr/lib/x86_64-linux-gnu/qt5/mkspecs/modules/qt_lib_fb_support_private.pri /usr/lib/x86_64-linux-gnu/qt5/mkspecs/modules/qt_lib_fontdatabase_support_private.pri /usr/lib/x86_64-linux-gnu/qt5/mkspecs/modules/qt_lib_glx_support_private.pri /usr/lib/x86_64-linux-gnu/qt5/mkspecs/modules/qt_lib_gui.pri /usr/lib/x86_64-linux-gnu/qt5/mkspecs/modules/qt_lib_gui_private.pri /usr/lib/x86_64-linux-gnu/qt5/mkspecs/modules/qt_lib_input_support_private.pri /usr/lib/x86_64-linux-gnu/qt5/mkspecs/modules/qt_lib_kms_support_private.pri /usr/lib/x86_64-linux-gnu/qt5/mkspecs/modules/qt_lib_linuxaccessibility_support_private.pri /usr/lib/x86_64-linux-gnu/qt5/mkspecs/modules/qt_lib_network.pri /usr/lib/x86_64-linux-gnu/qt5/mkspecs/modules/qt_lib_network_private.pri /usr/lib/x86_64-linux-gnu/qt5/mkspecs/modules/qt_lib_opengl.pri /usr/lib/x86_64-linux-gnu/qt5/mkspecs/modules/qt_lib_opengl_private.pri /usr/lib/x86_64-linux-gnu/qt5/mkspecs/modules/qt_lib_openglextensions.pri /usr/lib/x86_64-linux-gnu/qt5/mkspecs/modules/qt_lib_openglextensions_private.pri /usr/lib/x86_64-linux-gnu/qt5/mkspecs/modules/qt_lib_platformcompositor_support_private.pri /usr/lib/x86_64-linux-gnu/qt5/mkspecs/modules/qt_lib_printsupport.pri /usr/lib/x86_64-linux-gnu/qt5/mkspecs/modules/qt_lib_printsupport_private.pri /usr/lib/x86_64-linux-gnu/qt5/mkspecs/modules/qt_lib_service_support_private.pri /usr/lib/x86_64-linux-gnu/qt5/mkspecs/modules/qt_lib_sql.pri /usr/lib/x86_64-linux-gnu/qt5/mkspecs/modules/qt_lib_sql_private.pri /usr/lib/x86_64-linux-gnu/qt5/mkspecs/modules/qt_lib_testlib.pri /usr/lib/x86_64-linux-gnu/qt5/mkspecs/modules/qt_lib_testlib_private.pri /usr/lib/x86_64-linux-gnu/qt5/mkspecs/modules/qt_lib_theme_support_private.pri /usr/lib/x86_64-linux-gnu/qt5/mkspecs/modules/qt_lib_vulkan_support_private.pri /usr/lib/x86_64-linux-gnu/qt5/mkspecs/modules/qt_lib_widgets.pri /usr/lib/x86_64-linux-gnu/qt5/mkspecs/modules/qt_lib_widgets_private.pri /usr/lib/x86_64-linux-gnu/qt5/mkspecs/modules/qt_lib_xcb_qpa_lib_private.pri /usr/lib/x86_64-linux-gnu/qt5/mkspecs/modules/qt_lib_xml.pri /usr/lib/x86_64-linux-gnu/qt5/mkspecs/modules/qt_lib_xml_private.pri /usr/lib/x86_64-linux-gnu/qt5/mkspecs/features/qt_functions.prf /usr/lib/x86_64-linux-gnu/qt5/mkspecs/features/qt_config.prf /usr/lib/x86_64-linux-gnu/qt5/mkspecs/linux-g++/qmake.conf /usr/lib/x86_64-linux-gnu/qt5/mkspecs/features/spec_post.prf .qmake.stash /usr/lib/x86_64-linux-gnu/qt5/mkspecs/features/exclusive_builds.prf /usr/lib/x86_64-linux-gnu/qt5/mkspecs/features/toolchain.prf /usr/lib/x86_64-linux-gnu/qt5/mkspecs/features/default_pre.prf /usr/lib/x86_64-linux-gnu/qt5/mkspecs/features/resolve_config.prf /usr/lib/x86_64-linux-gnu/qt5/mkspecs/features/default_post.prf /usr/lib/x86_64-linux-gnu/qt5/mkspecs/features/warn_on.prf /usr/lib/x86_64-linux-gnu/qt5/mkspecs/features/qt.prf /usr/lib/x86_64-linux-gnu/qt5/mkspecs/features/resources.prf /usr/lib/x86_64-linux-gnu/qt5/mkspecs/features/moc.prf /usr/lib/x86_64-linux-gnu/qt5/mkspecs/features/unix/opengl.prf /usr/lib/x86_64-linux-gnu/qt5/mkspecs/features/uic.prf /usr/lib/x86_64-linux-gnu/qt5/mkspecs/features/unix/thread.prf /usr/lib/x86_64-linux-gnu/qt5/mkspecs/features/qmake_use.prf /usr/lib/x86_64-linux-gnu/qt5/mkspecs/features/file_copies.prf /usr/lib/x86_64-linux-gnu/qt5/mkspecs/features/testcase_targets.prf /usr/lib/x86_64-linux-gnu/qt5/mkspecs/features/exceptions.prf /usr/lib/x86_64-linux-gnu/qt5/mkspecs/features/yacc.prf /usr/lib/x86_64-linux-gnu/qt5/mkspecs/features/lex.prf Paint.cpp.pro Bitmap.hpp CurrentColor.hpp Matrix.hpp Pixel.hpp RenderArea.hpp Window.hpp Bitmap.cpp CurrentColor.cpp main.cpp Matrix.cpp
# environment
LC_ADDRESS = es_CR.UTF-8
# environment
LANG = C
# makefile (from 'Makefile', line 35)
DEL_DIR = rmdir
# environment
VSCODE_PID = 2792
# variable set hash-table stats:
# Load=170/1024=17%, Rehash=0, Collisions=30/197=15%

# Pattern-specific Variable Values

# No pattern-specific variable values.

# Directories

# . (device 2052, inode 1841075): 32 files, no impossibilities.

# 32 files, no impossibilities in 1 directories.

# Implicit Rules

# No implicit rules.

# Files

# Not a target:
Bitmap.cpp:
#  Implicit rule search has been done.
#  Last modified 2022-05-27 11:03:31.864059028
#  File has been updated.
#  Successfully updated.

/usr/lib/x86_64-linux-gnu/qt5/mkspecs/common/g++-base.conf:
#  Implicit rule search has been done.
#  Last modified 2020-01-22 06:17:20
#  File has been updated.
#  Successfully updated.

compiler_uic_make_all:
#  Implicit rule search has not been done.
#  Modification time never checked.
#  File has not been updated.

/usr/lib/x86_64-linux-gnu/qt5/mkspecs/features/spec_post.prf:
#  Implicit rule search has been done.
 
#  Last modified 2020-01-22 06:17:20
#  File has been updated.
#  Successfully updated.

/usr/lib/x86_64-linux-gnu/qt5/mkspecs/modules/qt_lib_printsupport_private.pri:
#  Implicit rule search has been done.
#  Last modified 2022-01-05 12:54:17
#  File has been updated.
#  Successfully updated.

/usr/lib/x86_64-linux-gnu/qt5/mkspecs/common/gcc-base-unix.conf:
#  Implicit rule search has been done.
#  Last modified 2020-01-22 06:17:20
#  File has been updated.
#  Successfully updated.

Bitmap.o: Bitmap.cpp Bitmap.hpp Pixel.hpp CurrentColor.hpp
#  Implicit rule search has not been done.
#  Last modified 2022-05-27 11:12:20.149264747
#  File has been updated.
#  Successfully updated.
#  recipe to execute (from 'Makefile', line 395):
	$(CXX) -c $(CXXFLAGS) $(INCPATH) -o Bitmap.o Bitmap.cpp

compiler_moc_predefs_clean:
#  Implicit rule search has not been done.
#  Modification time never checked.
#  File has not been updated.
#  recipe to execute (from 'Makefile', line 358):
	-$(DEL_FILE) moc_predefs.h

/usr/lib/x86_64-linux-gnu/qt5/mkspecs/modules/qt_lib_widgets_private.pri:
#  Implicit rule search has been done.
#  Last modified 2022-01-05 12:54:17
#  File has been updated.
#  Successfully updated.

 
/usr/lib/x86_64-linux-gnu/qt5/mkspecs/qconfig.pri:
#  Implicit rule search has been done.
#  Last modified 2022-01-05 12:54:17
#  File has been updated.
#  Successfully updated.

compiler_moc_objc_header_make_all:
#  Implicit rule search has not been done.
#  Modification time never checked.
#  File has not been updated.

/usr/lib/x86_64-linux-gnu/qt5/mkspecs/modules/qt_lib_openglextensions.pri:
#  Implicit rule search has been done.
#  Last modified 2022-01-05 12:54:17
#  File has been updated.
#  Successfully updated.

/usr/lib/x86_64-linux-gnu/qt5/mkspecs/modules/qt_lib_eventdispatcher_support_private.pri:
#  Implicit rule search has been done.
#  Last modified 2022-01-05 12:54:17
#  File has been updated.
#  Successfully updated.

all: Makefile main
#  Command line target.
#  Implicit rule search has been done.
#  File does not exist.
#  File has been updated.
#  Successfully updated.

FORCE:
#  Implicit rule search has not been done.
#  Modification time never checked.
#  File has not been updated.

/usr/lib/x86_64-linux-gnu/qt5/mkspecs/features/lex.prf:
#  Implicit rule search has been done.
 
#  Last modified 2020-01-22 06:17:20
#  File has been updated.
#  Successfully updated.

/usr/lib/x86_64-linux-gnu/qt5/mkspecs/modules/qt_lib_core.pri:
#  Implicit rule search has been done.
#  Last modified 2022-01-05 12:54:17
#  File has been updated.
 
#  Successfully updated.

/usr/lib/x86_64-linux-gnu/qt5/mkspecs/modules/qt_lib_xml.pri:
#  Implicit rule search has been done.
#  Last modified 2022-01-05 12:54:17
#  File has been updated.
#  Successfully updated.

compiler_yacc_impl_clean:
#  Implicit rule search has not been done.
#  Modification time never checked.
#  File has not been updated.

# Not a target:
Matrix.hpp:
#  Implicit rule search has been done.
#  Last modified 2022-05-27 11:09:05.227295773
#  File has been updated.
#  Successfully updated.

distclean: clean
#  Implicit rule search has not been done.
#  Modification time never checked.
#  File has not been updated.
#  recipe to execute (from 'Makefile', line 339):
	-$(DEL_FILE) $(TARGET) 
	-$(DEL_FILE) .qmake.stash
	-$(DEL_FILE) Makefile

/usr/lib/x86_64-linux-gnu/qt5/mkspecs/features/resolve_config.prf:
#  Implicit rule search has been done.
#  Last modified 2020-01-22 06:17:20
#  File has been updated.
#  Successfully updated.

first: all
#  Implicit rule search has not been done.
#  Modification time never checked.
#  File has not been updated.

/usr/lib/x86_64-linux-gnu/qt5/mkspecs/modules/qt_lib_opengl_private.pri:
#  Implicit rule search has been done.
#  Last modified 2022-01-05 12:54:17
#  File has been updated.
#  Successfully updated.

/usr/lib/x86_64-linux-gnu/qt5/mkspecs/modules/qt_lib_egl_support_private.pri:
#  Implicit rule search has been done.
#  Last modified 2022-01-05 12:54:17
#  File has been updated.
#  Successfully updated.

compiler_moc_source_make_all:
#  Implicit rule search has not been done.
#  Modification time never checked.
#  File has not been updated.

/usr/lib/x86_64-linux-gnu/qt5/mkspecs/modules/qt_lib_dbus.pri:
 
#  Implicit rule search has been done.
#  Last modified 2022-01-05 12:54:17
#  File has been updated.
#  Successfully updated.

/usr/lib/x86_64-linux-gnu/qt5/mkspecs/common/sanitize.conf:
#  Implicit rule search has been done.
#  Last modified 2020-01-22 06:17:20
#  File has been updated.
#  Successfully updated.

uninstall: FORCE
#  Implicit rule search has not been done.
#  Modification time never checked.
#  File has not been updated.

/usr/lib/x86_64-linux-gnu/qt5/mkspecs/modules/qt_lib_concurrent.pri:
#  Implicit rule search has been done.
#  Last modified 2022-01-05 12:54:17
#  File has been updated.
#  Successfully updated.

Makefile: Paint.cpp.pro /usr/lib/x86_64-linux-gnu/qt5/mkspecs/linux-g++/qmake.conf /usr/lib/x86_64-linux-gnu/qt5/mkspecs/features/spec_pre.prf /usr/lib/x86_64-linux-gnu/qt5/mkspecs/common/unix.conf /usr/lib/x86_64-linux-gnu/qt5/mkspecs/common/linux.conf /usr/lib/x86_64-linux-gnu/qt5/mkspecs/common/sanitize.conf /usr/lib/x86_64-linux-gnu/qt5/mkspecs/common/gcc-base.conf /usr/lib/x86_64-linux-gnu/qt5/mkspecs/common/gcc-base-unix.conf /usr/lib/x86_64-linux-gnu/qt5/mkspecs/common/g++-base.conf /usr/lib/x86_64-linux-gnu/qt5/mkspecs/common/g++-unix.conf /usr/lib/x86_64-linux-gnu/qt5/mkspecs/qconfig.pri /usr/lib/x86_64-linux-gnu/qt5/mkspecs/modules/qt_lib_accessibility_support_private.pri /usr/lib/x86_64-linux-gnu/qt5/mkspecs/modules/qt_lib_bootstrap_private.pri /usr/lib/x86_64-linux-gnu/qt5/mkspecs/modules/qt_lib_concurrent.pri /usr/lib/x86_64-linux-gnu/qt5/mkspecs/modules/qt_lib_concurrent_private.pri /usr/lib/x86_64-linux-gnu/qt5/mkspecs/modules/qt_lib_core.pri /usr/lib/x86_64-linux-gnu/qt5/mkspecs/modules/qt_lib_core_private.pri /usr/lib/x86_64-linux-gnu/qt5/mkspecs/modules/qt_lib_dbus.pri /usr/lib/x86_64-linux-gnu/qt5/mkspecs/modules/qt_lib_dbus_private.pri /usr/lib/x86_64-linux-gnu/qt5/mkspecs/modules/qt_lib_devicediscovery_support_private.pri /usr/lib/x86_64-linux-gnu/qt5/mkspecs/modules/qt_lib_edid_support_private.pri /usr/lib/x86_64-linux-gnu/qt5/mkspecs/modules/qt_lib_egl_support_private.pri /usr/lib/x86_64-linux-gnu/qt5/mkspecs/modules/qt_lib_eglfs_kms_support_private.pri /usr/lib/x86_64-linux-gnu/qt5/mkspecs/modules/qt_lib_eglfsdeviceintegration_private.pri /usr/lib/x86_64-linux-gnu/qt5/mkspecs/modules/qt_lib_eventdispatcher_support_private.pri /usr/lib/x86_64-linux-gnu/qt5/mkspecs/modules/qt_lib_fb_support_private.pri /usr/lib/x86_64-linux-gnu/qt5/mkspecs/modules/qt_lib_fontdatabase_support_private.pri /usr/lib/x86_64-linux-gnu/qt5/mkspecs/modules/qt_lib_glx_support_private.pri /usr/lib/x86_64-linux-gnu/qt5/mkspecs/modules/qt_lib_gui.pri /usr/lib/x86_64-linux-gnu/qt5/mkspecs/modules/qt_lib_gui_private.pri /usr/lib/x86_64-linux-gnu/qt5/mkspecs/modules/qt_lib_input_support_private.pri /usr/lib/x86_64-linux-gnu/qt5/mkspecs/modules/qt_lib_kms_support_private.pri /usr/lib/x86_64-linux-gnu/qt5/mkspecs/modules/qt_lib_linuxaccessibility_support_private.pri /usr/lib/x86_64-linux-gnu/qt5/mkspecs/modules/qt_lib_network.pri /usr/lib/x86_64-linux-gnu/qt5/mkspecs/modules/qt_lib_network_private.pri /usr/lib/x86_64-linux-gnu/qt5/mkspecs/modules/qt_lib_opengl.pri /usr/lib/x86_64-linux-gnu/qt5/mkspecs/modules/qt_lib_opengl_private.pri /usr/lib/x86_64-linux-gnu/qt5/mkspecs/modules/qt_lib_openglextensions.pri /usr/lib/x86_64-linux-gnu/qt5/mkspecs/modules/qt_lib_openglextensions_private.pri /usr/lib/x86_64-linux-gnu/qt5/mkspecs/modules/qt_lib_platformcompositor_support_private.pri /usr/lib/x86_64-linux-gnu/qt5/mkspecs/modules/qt_lib_printsupport.pri /usr/lib/x86_64-linux-gnu/qt5/mkspecs/modules/qt_lib_printsupport_private.pri /usr/lib/x86_64-linux-gnu/qt5/mkspecs/modules/qt_lib_service_support_private.pri /usr/lib/x86_64-linux-gnu/qt5/mkspecs/modules/qt_lib_sql.pri /usr/lib/x86_64-linux-gnu/qt5/mkspecs/modules/qt_lib_sql_private.pri /usr/lib/x86_64-linux-gnu/qt5/mkspecs/modules/qt_lib_testlib.pri /usr/lib/x86_64-linux-gnu/qt5/mkspecs/modules/qt_lib_testlib_private.pri /usr/lib/x86_64-linux-gnu/qt5/mkspecs/modules/qt_lib_theme_support_private.pri /usr/lib/x86_64-linux-gnu/qt5/mkspecs/modules/qt_lib_vulkan_support_private.pri /usr/lib/x86_64-linux-gnu/qt5/mkspecs/modules/qt_lib_widgets.pri /usr/lib/x86_64-linux-gnu/qt5/mkspecs/modules/qt_lib_widgets_private.pri /usr/lib/x86_64-linux-gnu/qt5/mkspecs/modules/qt_lib_xcb_qpa_lib_private.pri /usr/lib/x86_64-linux-gnu/qt5/mkspecs/modules/qt_lib_xml.pri /usr/lib/x86_64-linux-gnu/qt5/mkspecs/modules/qt_lib_xml_private.pri /usr/lib/x86_64-linux-gnu/qt5/mkspecs/features/qt_functions.prf /usr/lib/x86_64-linux-gnu/qt5/mkspecs/features/qt_config.prf /usr/lib/x86_64-linux-gnu/qt5/mkspecs/linux-g++/qmake.conf /usr/lib/x86_64-linux-gnu/qt5/mkspecs/features/spec_post.prf .qmake.stash /usr/lib/x86_64-linux-gnu/qt5/mkspecs/features/exclusive_builds.prf /usr/lib/x86_64-linux-gnu/qt5/mkspecs/features/toolchain.prf /usr/lib/x86_64-linux-gnu/qt5/mkspecs/features/default_pre.prf /usr/lib/x86_64-linux-gnu/qt5/mkspecs/features/resolve_config.prf /usr/lib/x86_64-linux-gnu/qt5/mkspecs/features/default_post.prf /usr/lib/x86_64-linux-gnu/qt5/mkspecs/features/warn_on.prf /usr/lib/x86_64-linux-gnu/qt5/mkspecs/features/qt.prf /usr/lib/x86_64-linux-gnu/qt5/mkspecs/features/resources.prf /usr/lib/x86_64-linux-gnu/qt5/mkspecs/features/moc.prf /usr/lib/x86_64-linux-gnu/qt5/mkspecs/features/unix/opengl.prf /usr/lib/x86_64-linux-gnu/qt5/mkspecs/features/uic.prf /usr/lib/x86_64-linux-gnu/qt5/mkspecs/features/unix/thread.prf /usr/lib/x86_64-linux-gnu/qt5/mkspecs/features/qmake_use.prf /usr/lib/x86_64-linux-gnu/qt5/mkspecs/features/file_copies.prf /usr/lib/x86_64-linux-gnu/qt5/mkspecs/features/testcase_targets.prf /usr/lib/x86_64-linux-gnu/qt5/mkspecs/features/exceptions.prf /usr/lib/x86_64-linux-gnu/qt5/mkspecs/features/yacc.prf /usr/lib/x86_64-linux-gnu/qt5/mkspecs/features/lex.prf Paint.cpp.pro
#  Implicit rule search has not been done.
#  Last modified 2022-05-27 11:15:55.134225923
#  File has been updated.
#  Successfully updated.
#  recipe to execute (from 'Makefile', line 237):
	$(QMAKE) -o Makefile Paint.cpp.pro

/usr/lib/x86_64-linux-gnu/qt5/mkspecs/features/uic.prf:
#  Implicit rule search has been done.
#  Last modified 2020-01-22 06:17:20
#  File has been updated.
#  Successfully updated.

# Not a target:
CurrentColor.cpp:
#  Implicit rule search has been done.
#  Last modified 2022-05-27 11:11:03.231109353
#  File has been updated.
#  Successfully updated.

compiler_clean: compiler_moc_predefs_clean compiler_moc_header_clean
#  Implicit rule search has not been done.
#  Modification time never checked.
#  File has not been updated.

mocclean: compiler_moc_header_clean compiler_moc_objc_header_clean compiler_moc_source_clean
#  Implicit rule search has not been done.
#  Modification time never checked.
#  File has not been updated.

compiler_rcc_clean:
#  Implicit rule search has not been done.
#  Modification time never checked.
#  File has not been updated.

/usr/lib/x86_64-linux-gnu/qt5/mkspecs/modules/qt_lib_network.pri:
#  Implicit rule search has been done.
#  Last modified 2022-01-05 12:54:17
#  File has been updated.
#  Successfully updated.

/usr/lib/x86_64-linux-gnu/qt5/mkspecs/features/default_post.prf:
#  Implicit rule search has been done.
#  Last modified 2020-01-22 06:17:20
#  File has been updated.
#  Successfully updated.

compiler_lex_make_all:
#  Implicit rule search has not been done.
#  Modification time never checked.
#  File has not been updated.

/usr/lib/x86_64-linux-gnu/qt5/mkspecs/features/qt.prf:
#  Implicit rule search has been done.
#  Last modified 2020-01-22 06:17:20
#  File has been updated.
#  Successfully updated.

/usr/lib/x86_64-linux-gnu/qt5/mkspecs/features/spec_pre.prf:
#  Implicit rule search has been done.
#  Last modified 2020-01-22 06:17:20
#  File has been updated.
#  Successfully updated.

/usr/lib/x86_64-linux-gnu/qt5/mkspecs/modules/qt_lib_sql.pri:
#  Implicit rule search has been done.
#  Last modified 2022-01-05 12:54:17
#  File has been updated.
#  Successfully updated.

/usr/lib/x86_64-linux-gnu/qt5/mkspecs/features/moc.prf:
#  Implicit rule search has been done.
#  Last modified 2020-01-22 06:17:20
#  File has been updated.
#  Successfully updated.

benchmark: first
#  Implicit rule search has not been done.
#  Modification time never checked.
#  File has not been updated.

moc_predefs.h: /usr/lib/x86_64-linux-gnu/qt5/mkspecs/features/data/dummy.cpp
#  Implicit rule search has not been done.
#  Last modified 2022-05-27 11:14:06.395889702
#  File has been updated.
#  Successfully updated.
#  recipe to execute (from 'Makefile', line 360):
	g++ -pipe -O2 -Wall -W -dM -E -o moc_predefs.h /usr/lib/x86_64-linux-gnu/qt5/mkspecs/features/data/dummy.cpp

moc_RenderArea.o: moc_RenderArea.cpp
#  Implicit rule search has not been done.
#  Last modified 2022-05-27 11:14:07.387912505
#  File has been updated.
#  Successfully updated.
#  recipe to execute (from 'Makefile', line 413):
	$(CXX) -c $(CXXFLAGS) $(INCPATH) -o moc_RenderArea.o moc_RenderArea.cpp

# Not a target:
main.cpp:
#  Implicit rule search has been done.
#  Last modified 2022-05-27 11:03:31.868059027
#  File has been updated.
#  Successfully updated.

/usr/lib/x86_64-linux-gnu/qt5/mkspecs/common/gcc-base.conf:
#  Implicit rule search has been done.
#  Last modified 2020-01-22 06:17:20
#  File has been updated.
#  Successfully updated.

compiler_yacc_decl_make_all:
 
#  Implicit rule search has not been done.
#  Modification time never checked.
#  File has not been updated.

compiler_moc_header_clean:
#  Implicit rule search has not been done.
#  Modification time never checked.
#  File has not been updated.
#  recipe to execute (from 'Makefile', line 364):
	-$(DEL_FILE) moc_RenderArea.cpp moc_Window.cpp

/usr/lib/x86_64-linux-gnu/qt5/mkspecs/modules/qt_lib_service_support_private.pri:
#  Implicit rule search has been done.
#  Last modified 2022-01-05 12:54:17
#  File has been updated.
#  Successfully updated.

/usr/lib/x86_64-linux-gnu/qt5/mkspecs/modules/qt_lib_linuxaccessibility_support_private.pri:
#  Implicit rule search has been done.
#  Last modified 2022-01-05 12:54:17
#  File has been updated.
#  Successfully updated.

/usr/lib/x86_64-linux-gnu/qt5/mkspecs/modules/qt_lib_bootstrap_private.pri:
#  Implicit rule search has been done.
#  Last modified 2022-01-05 12:54:17
#  File has been updated.
#  Successfully updated.

# Not a target:
CurrentColor.hpp:
#  Implicit rule search has been done.
#  Last modified 2022-05-27 11:11:05.031162546
#  File has been updated.
#  Successfully updated.

/usr/lib/x86_64-linux-gnu/qt5/mkspecs/modules/qt_lib_gui_private.pri:
#  Implicit rule search has been done.
#  Last modified 2022-01-05 12:54:17
#  File has been updated.
#  Successfully updated.

/usr/lib/x86_64-linux-gnu/qt5/mkspecs/modules/qt_lib_vulkan_support_private.pri:
#  Implicit rule search has been done.
#  Last modified 2022-01-05 12:54:17
#  File has been updated.
#  Successfully updated.

Matrix.o: Matrix.cpp Matrix.hpp Pixel.cpp Pixel.hpp CurrentColor.hpp
#  Implicit rule search has not been done.
#  Last modified 2022-05-27 11:14:06.383889425
#  File has been updated.
#  Successfully updated.
#  recipe to execute (from 'Makefile', line 410):
	$(CXX) -c $(CXXFLAGS) $(INCPATH) -o Matrix.o Matrix.cpp

/usr/lib/x86_64-linux-gnu/qt5/mkspecs/modules/qt_lib_kms_support_private.pri:
#  Implicit rule search has been done.
#  Last modified 2022-01-05 12:54:17
#  File has been updated.
#  Successfully updated.

# Not a target:
/usr/lib/x86_64-linux-gnu/qt5/mkspecs/features/data/dummy.cpp:
#  Implicit rule search has been done.
#  Last modified 2020-01-22 06:17:20
#  File has been updated.
#  Successfully updated.

compiler_moc_predefs_make_all: moc_predefs.h
#  Implicit rule search has not been done.
#  Modification time never checked.
#  File has not been updated.

/usr/lib/x86_64-linux-gnu/qt5/mkspecs/modules/qt_lib_testlib.pri:
#  Implicit rule search has been done.
#  Last modified 2022-01-05 12:54:17
#  File has been updated.
#  Successfully updated.

/usr/lib/x86_64-linux-gnu/qt5/mkspecs/modules/qt_lib_glx_support_private.pri:
#  Implicit rule search has been done.
#  Last modified 2022-01-05 12:54:17
#  File has been updated.
#  Successfully updated.

moc_Window.cpp: Window.hpp RenderArea.hpp moc_predefs.h /usr/lib/qt5/bin/moc
#  Implicit rule search has not been done.
#  Last modified 2022-05-27 11:14:07.519915536
#  File has been updated.
#  Successfully updated.
#  recipe to execute (from 'Makefile', line 374):
	/usr/lib/qt5/bin/moc $(DEFINES) --include /home/ramsensei/Desktop/Ramsensei/Paint.cpp/moc_predefs.h -I/usr/lib/x86_64-linux-gnu/qt5/mkspecs/linux-g++ -I/home/ramsensei/Desktop/Ramsensei/Paint.cpp -I/home/ramsensei/Desktop/Ramsensei/Paint.cpp -I/usr/include/x86_64-linux-gnu/qt5 -I/usr/include/x86_64-linux-gnu/qt5/QtWidgets -I/usr/include/x86_64-linux-gnu/qt5/QtGui -I/usr/include/x86_64-linux-gnu/qt5/QtCore -I/usr/include/c++/9 -I/usr/include/x86_64-linux-gnu/c++/9 -I/usr/include/c++/9/backward -I/usr/lib/gcc/x86_64-linux-gnu/9/include -I/usr/local/include -I/usr/include/x86_64-linux-gnu -I/usr/include Window.hpp -o moc_Window.cpp

# Not a target:
Pixel.hpp:
#  Implicit rule search has been done.
#  Last modified 2022-05-27 11:03:31.864059028
#  File has been updated.
#  Successfully updated.

/usr/lib/x86_64-linux-gnu/qt5/mkspecs/features/toolchain.prf:
#  Implicit rule search has been done.
#  Last modified 2020-01-22 06:17:20
#  File has been updated.
#  Successfully updated.

Paint.cpp.pro:
#  Implicit rule search has been done.
#  Last modified 2022-05-27 11:15:49.262107642
#  File has been updated.
#  Successfully updated.

/usr/lib/x86_64-linux-gnu/qt5/mkspecs/modules/qt_lib_platformcompositor_support_private.pri:
#  Implicit rule search has been done.
#  Last modified 2022-01-05 12:54:17
#  File has been updated.
#  Successfully updated.

/usr/lib/x86_64-linux-gnu/qt5/mkspecs/modules/qt_lib_openglextensions_private.pri:
#  Implicit rule search has been done.
#  Last modified 2022-01-05 12:54:17
#  File has been updated.
#  Successfully updated.

/usr/lib/x86_64-linux-gnu/qt5/mkspecs/modules/qt_lib_input_support_private.pri:
#  Implicit rule search has been done.
#  Last modified 2022-01-05 12:54:17
#  File has been updated.
#  Successfully updated.

/usr/lib/x86_64-linux-gnu/qt5/mkspecs/features/unix/opengl.prf:
#  Implicit rule search has been done.
#  Last modified 2020-01-22 06:17:20
#  File has been updated.
#  Successfully updated.

/usr/lib/x86_64-linux-gnu/qt5/mkspecs/modules/qt_lib_printsupport.pri:
#  Implicit rule search has been done.
#  Last modified 2022-01-05 12:54:17
#  File has been updated.
#  Successfully updated.

compiler_uic_clean:
#  Implicit rule search has not been done.
#  Modification time never checked.
#  File has not been updated.

/usr/lib/x86_64-linux-gnu/qt5/mkspecs/features/exclusive_builds.prf:
#  Implicit rule search has been done.
#  Last modified 2020-01-22 06:17:20
#  File has been updated.
#  Successfully updated.

# Not a target:
.DEFAULT:
#  Implicit rule search has not been done.
#  Modification time never checked.
#  File has not been updated.

/usr/lib/x86_64-linux-gnu/qt5/mkspecs/modules/qt_lib_core_private.pri:
#  Implicit rule search has been done.
#  Last modified 2022-01-05 12:54:17
#  File has been updated.
#  Successfully updated.

compiler_yacc_impl_make_all:
#  Implicit rule search has not been done.
#  Modification time never checked.
#  File has not been updated.

/usr/lib/x86_64-linux-gnu/qt5/mkspecs/modules/qt_lib_xml_private.pri:
#  Implicit rule search has been done.
#  Last modified 2022-01-05 12:54:17
#  File has been updated.
#  Successfully updated.

/usr/lib/x86_64-linux-gnu/qt5/mkspecs/modules/qt_lib_widgets.pri:
#  Implicit rule search has been done.
#  Last modified 2022-01-05 12:54:17
#  File has been updated.
#  Successfully updated.

/usr/lib/x86_64-linux-gnu/qt5/mkspecs/features/qmake_use.prf:
#  Implicit rule search has been done.
#  Last modified 2020-01-22 06:17:20
#  File has been updated.
#  Successfully updated.

/usr/lib/x86_64-linux-gnu/qt5/mkspecs/modules/qt_lib_eglfs_kms_support_private.pri:
#  Implicit rule search has been done.
#  Last modified 2022-01-05 12:54:17
#  File has been updated.
#  Successfully updated.

/usr/lib/x86_64-linux-gnu/qt5/mkspecs/features/unix/thread.prf:
#  Implicit rule search has been done.
#  Last modified 2020-01-22 06:17:20
#  File has been updated.
#  Successfully updated.

.qmake.stash:
#  Implicit rule search has been done.
#  Last modified 2022-05-27 11:12:14.061102532
#  File has been updated.
#  Successfully updated.

qmake: FORCE
#  Implicit rule search has not been done.
#  Modification time never checked.
#  File has not been updated.
#  recipe to execute (from 'Makefile', line 315):
	@$(QMAKE) -o Makefile Paint.cpp.pro

compiler_moc_objc_header_clean:
#  Implicit rule search has not been done.
#  Modification time never checked.
#  File has not been updated.

# Not a target:
Matrix.cpp:
#  Implicit rule search has been done.
 
#  Last modified 2022-05-27 11:03:31.864059028
#  File has been updated.
#  Successfully updated.

# Not a target:
Pixel.cpp:
#  Implicit rule search has been done.
#  Last modified 2022-05-27 11:03:31.864059028
#  File has been updated.
#  Successfully updated.

/usr/lib/x86_64-linux-gnu/qt5/mkspecs/features/default_pre.prf:
#  Implicit rule search has been done.
#  Last modified 2020-01-22 06:17:20
#  File has been updated.
#  Successfully updated.

/usr/lib/x86_64-linux-gnu/qt5/mkspecs/modules/qt_lib_accessibility_support_private.pri:
#  Implicit rule search has been done.
#  Last modified 2022-01-05 12:54:17
#  File has been updated.
#  Successfully updated.

# Not a target:
Window.cpp:
#  Implicit rule search has been done.
#  Last modified 2022-05-27 11:03:31.864059028
#  File has been updated.
#  Successfully updated.

/usr/lib/x86_64-linux-gnu/qt5/mkspecs/modules/qt_lib_dbus_private.pri:
#  Implicit rule search has been done.
#  Last modified 2022-01-05 12:54:17
#  File has been updated.
#  Successfully updated.

# Not a target:
RenderArea.cpp:
#  Implicit rule search has been done.
#  Last modified 2022-05-27 11:03:31.864059028
#  File has been updated.
#  Successfully updated.

mocables: compiler_moc_header_make_all compiler_moc_objc_header_make_all compiler_moc_source_make_all
#  Implicit rule search has not been done.
#  Modification time never checked.
#  File has not been updated.

compiler_moc_header_make_all: moc_RenderArea.cpp moc_Window.cpp
#  Implicit rule search has not been done.
#  Modification time never checked.
#  File has not been updated.

/usr/lib/x86_64-linux-gnu/qt5/mkspecs/features/qt_config.prf:
#  Implicit rule search has been done.
#  Last modified 2020-01-22 06:17:20
#  File has been updated.
#  Successfully updated.

CurrentColor.o: CurrentColor.cpp CurrentColor.hpp
#  Implicit rule search has not been done.
#  Last modified 2022-05-27 11:12:20.445272597
#  File has been updated.
#  Successfully updated.
#  recipe to execute (from 'Makefile', line 398):
	$(CXX) -c $(CXXFLAGS) $(INCPATH) -o CurrentColor.o CurrentColor.cpp

/usr/lib/x86_64-linux-gnu/qt5/mkspecs/features/file_copies.prf:
#  Implicit rule search has been done.
#  Last modified 2020-01-22 06:17:20
#  File has been updated.
#  Successfully updated.

/usr/lib/x86_64-linux-gnu/qt5/mkspecs/features/resources.prf:
#  Implicit rule search has been done.
#  Last modified 2020-01-22 06:17:20
#  File has been updated.
#  Successfully updated.

dist: distdir FORCE
#  Implicit rule search has not been done.
#  Modification time never checked.
#  File has not been updated.
#  recipe to execute (from 'Makefile', line 323):
	(cd `dirname $(DISTDIR)` && $(TAR) $(DISTNAME).tar $(DISTNAME) && $(COMPRESS) $(DISTNAME).tar) && $(MOVE) `dirname $(DISTDIR)`/$(DISTNAME).tar.gz . && $(DEL_FILE) -r $(DISTDIR)

/usr/lib/x86_64-linux-gnu/qt5/mkspecs/modules/qt_lib_concurrent_private.pri:
#  Implicit rule search has been done.
#  Last modified 2022-01-05 12:54:17
#  File has been updated.
#  Successfully updated.

/usr/lib/x86_64-linux-gnu/qt5/mkspecs/features/qt_functions.prf:
#  Implicit rule search has been done.
#  Last modified 2022-01-05 12:54:17
#  File has been updated.
#  Successfully updated.

/usr/lib/x86_64-linux-gnu/qt5/mkspecs/common/g++-unix.conf:
#  Implicit rule search has been done.
#  Last modified 2020-01-22 06:17:20
#  File has been updated.
#  Successfully updated.

/usr/lib/x86_64-linux-gnu/qt5/mkspecs/modules/qt_lib_opengl.pri:
#  Implicit rule search has been done.
#  Last modified 2022-01-05 12:54:17
#  File has been updated.
#  Successfully updated.

/usr/lib/x86_64-linux-gnu/qt5/mkspecs/modules/qt_lib_eglfsdeviceintegration_private.pri:
#  Implicit rule search has been done.
#  Last modified 2022-01-05 12:54:17
#  File has been updated.
#  Successfully updated.

compiler_rcc_make_all:
#  Implicit rule search has not been done.
#  Modification time never checked.
#  File has not been updated.

/usr/lib/x86_64-linux-gnu/qt5/mkspecs/features/yacc.prf:
#  Implicit rule search has been done.
#  Last modified 2020-01-22 06:17:20
#  File has been updated.
#  Successfully updated.

# Not a target:
Bitmap.hpp:
#  Implicit rule search has been done.
#  Last modified 2022-05-27 11:03:31.864059028
#  File has been updated.
#  Successfully updated.

/usr/lib/x86_64-linux-gnu/qt5/mkspecs/modules/qt_lib_theme_support_private.pri:
#  Implicit rule search has been done.
#  Last modified 2022-01-05 12:54:17
#  File has been updated.
#  Successfully updated.

/usr/lib/x86_64-linux-gnu/qt5/mkspecs/modules/qt_lib_devicediscovery_support_private.pri:
#  Implicit rule search has been done.
#  Last modified 2022-01-05 12:54:17
#  File has been updated.
#  Successfully updated.

/usr/lib/x86_64-linux-gnu/qt5/mkspecs/modules/qt_lib_network_private.pri:
#  Implicit rule search has been done.
#  Last modified 2022-01-05 12:54:17
#  File has been updated.
#  Successfully updated.

/usr/lib/x86_64-linux-gnu/qt5/mkspecs/linux-g++/qmake.conf:
#  Implicit rule search has been done.
#  Last modified 2020-01-22 06:17:20
#  File has been updated.
#  Successfully updated.

compiler_moc_source_clean:
#  Implicit rule search has not been done.
#  Modification time never checked.
#  File has not been updated.

/usr/lib/x86_64-linux-gnu/qt5/mkspecs/modules/qt_lib_edid_support_private.pri:
#  Implicit rule search has been done.
#  Last modified 2022-01-05 12:54:17
#  File has been updated.
#  Successfully updated.

main: Bitmap.o CurrentColor.o main.o Matrix.o moc_RenderArea.o moc_Window.o
#  Implicit rule search has not been done.
#  Last modified 2022-05-27 11:15:58.070284751
#  File has been updated.
#  Successfully updated.
#  recipe to execute (from 'Makefile', line 159):
	$(LINK) $(LFLAGS) -o $(TARGET) $(OBJECTS) $(OBJCOMP) $(LIBS)

main.o: main.cpp Window.cpp Window.hpp RenderArea.hpp RenderArea.cpp
#  Implicit rule search has not been done.
#  Last modified 2022-05-27 11:14:05.947879396
#  File has been updated.
#  Successfully updated.
#  recipe to execute (from 'Makefile', line 404):
	$(CXX) -c $(CXXFLAGS) $(INCPATH) -o main.o main.cpp

/usr/lib/x86_64-linux-gnu/qt5/mkspecs/modules/qt_lib_sql_private.pri:
#  Implicit rule search has been done.
#  Last modified 2022-01-05 12:54:17
#  File has been updated.
#  Successfully updated.

qmake_all: FORCE
#  Implicit rule search has not been done.
#  Modification time never checked.
#  File has not been updated.

/usr/lib/x86_64-linux-gnu/qt5/mkspecs/modules/qt_lib_xcb_qpa_lib_private.pri:
#  Implicit rule search has been done.
#  Last modified 2022-01-05 12:54:17
#  File has been updated.
#  Successfully updated.

# Not a target:
RenderArea.hpp:
#  Implicit rule search has been done.
#  Last modified 2022-05-27 11:03:31.864059028
#  File has been updated.
#  Successfully updated.

# Not a target:
/usr/lib/qt5/bin/moc:
#  Implicit rule search has been done.
#  Last modified 2022-01-05 12:54:17
 
#  File has been updated.
#  Successfully updated.

check: first
#  Implicit rule search has not been done.
#  Modification time never checked.
#  File has not been updated.

/usr/lib/x86_64-linux-gnu/qt5/mkspecs/common/linux.conf:
#  Implicit rule search has been done.
#  Last modified 2020-01-22 06:17:20
#  File has been updated.
#  Successfully updated.

# Not a target:
Window.hpp:
#  Implicit rule search has been done.
#  Last modified 2022-05-27 11:03:31.868059027
#  File has been updated.
#  Successfully updated.

compiler_lex_clean:
#  Implicit rule search has not been done.
#  Modification time never checked.
#  File has not been updated.

/usr/lib/x86_64-linux-gnu/qt5/mkspecs/features/testcase_targets.prf:
#  Implicit rule search has been done.
#  Last modified 2020-01-22 06:17:20
#  File has been updated.
#  Successfully updated.

/usr/lib/x86_64-linux-gnu/qt5/mkspecs/common/unix.conf:
#  Implicit rule search has been done.
#  Last modified 2020-01-22 06:17:20
#  File has been updated.
#  Successfully updated.

moc_Window.o: moc_Window.cpp
#  Implicit rule search has not been done.
#  Last modified 2022-05-27 11:14:08.575939775
#  File has been updated.
#  Successfully updated.
#  recipe to execute (from 'Makefile', line 416):
	$(CXX) -c $(CXXFLAGS) $(INCPATH) -o moc_Window.o moc_Window.cpp

moc_RenderArea.cpp: RenderArea.hpp moc_predefs.h /usr/lib/qt5/bin/moc
#  Implicit rule search has not been done.
#  Last modified 2022-05-27 11:14:06.511892369
#  File has been updated.
#  Successfully updated.
#  recipe to execute (from 'Makefile', line 368):
	/usr/lib/qt5/bin/moc $(DEFINES) --include /home/ramsensei/Desktop/Ramsensei/Paint.cpp/moc_predefs.h -I/usr/lib/x86_64-linux-gnu/qt5/mkspecs/linux-g++ -I/home/ramsensei/Desktop/Ramsensei/Paint.cpp -I/home/ramsensei/Desktop/Ramsensei/Paint.cpp -I/usr/include/x86_64-linux-gnu/qt5 -I/usr/include/x86_64-linux-gnu/qt5/QtWidgets -I/usr/include/x86_64-linux-gnu/qt5/QtGui -I/usr/include/x86_64-linux-gnu/qt5/QtCore -I/usr/include/c++/9 -I/usr/include/x86_64-linux-gnu/c++/9 -I/usr/include/c++/9/backward -I/usr/lib/gcc/x86_64-linux-gnu/9/include -I/usr/local/include -I/usr/include/x86_64-linux-gnu -I/usr/include RenderArea.hpp -o moc_RenderArea.cpp

distdir: FORCE
#  Implicit rule search has not been done.
#  Modification time never checked.
#  File has not been updated.
#  recipe to execute (from 'Makefile', line 326):
	@test -d $(DISTDIR) || mkdir -p $(DISTDIR)
	$(COPY_FILE) --parents $(DIST) $(DISTDIR)/
	$(COPY_FILE) --parents /usr/lib/x86_64-linux-gnu/qt5/mkspecs/features/data/dummy.cpp $(DISTDIR)/
	$(COPY_FILE) --parents Bitmap.hpp CurrentColor.hpp Matrix.hpp Pixel.hpp RenderArea.hpp Window.hpp $(DISTDIR)/
	$(COPY_FILE) --parents Bitmap.cpp CurrentColor.cpp main.cpp Matrix.cpp $(DISTDIR)/

/usr/lib/x86_64-linux-gnu/qt5/mkspecs/features/exceptions.prf:
#  Implicit rule search has been done.
#  Last modified 2020-01-22 06:17:20
#  File has been updated.
#  Successfully updated.

/usr/lib/x86_64-linux-gnu/qt5/mkspecs/modules/qt_lib_fontdatabase_support_private.pri:
#  Implicit rule search has been done.
#  Last modified 2022-01-05 12:54:17
#  File has been updated.
#  Successfully updated.

/usr/lib/x86_64-linux-gnu/qt5/mkspecs/modules/qt_lib_testlib_private.pri:
#  Implicit rule search has been done.
#  Last modified 2022-01-05 12:54:17
#  File has been updated.
#  Successfully updated.

compiler_yacc_decl_clean:
#  Implicit rule search has not been done.
#  Modification time never checked.
#  File has not been updated.

/usr/lib/x86_64-linux-gnu/qt5/mkspecs/modules/qt_lib_fb_support_private.pri:
#  Implicit rule search has been done.
#  Last modified 2022-01-05 12:54:17
#  File has been updated.
#  Successfully updated.

clean: compiler_clean
#  Implicit rule search has not been done.
#  Modification time never checked.
#  File has not been updated.
#  recipe to execute (from 'Makefile', line 334):
	-$(DEL_FILE) $(OBJECTS)
	-$(DEL_FILE) *~ core *.core

/usr/lib/x86_64-linux-gnu/qt5/mkspecs/features/warn_on.prf:
#  Implicit rule search has been done.
#  Last modified 2020-01-22 06:17:20
#  File has been updated.
#  Successfully updated.

/usr/lib/x86_64-linux-gnu/qt5/mkspecs/modules/qt_lib_gui.pri:
#  Implicit rule search has been done.
#  Last modified 2022-01-05 12:54:17
#  File has been updated.
#  Successfully updated.

install: FORCE
#  Implicit rule search has not been done.
#  Modification time never checked.
#  File has not been updated.

# files hash-table stats:
# Load=138/1024=13%, Rehash=0, Collisions=25/379=7%
# VPATH Search Paths

# No 'vpath' search paths.

# No general ('VPATH' variable) search path.

# strcache buffers: 1 (0) / strings = 146 / storage = 6157 B / avg = 42 B
# current buf: size = 8162 B / used = 6157 B / count = 146 / avg = 42 B

# strcache performance: lookups = 418 / hit rate = 65%
# hash-table stats:
# Load=146/8192=2%, Rehash=0, Collisions=4/418=1%
# Finished Make data base on Fri May 27 11:16:33 2022

 
